Using pre-set license
Built from '2021.3/staging' branch; Version is '2021.3.14f1 (eee1884e7226) revision 15655304'; Using compiler version '192829333'; Build Type 'Release'
OS: 'Windows 11  (10.0.22621) 64bit Professional' Language: 'en' Physical Memory: 15613 MB
BatchMode: 1, IsHumanControllingUs: 0, StartBugReporterOnCrash: 0, Is64bit: 1, IsPro: 1

COMMAND LINE ARGUMENTS:
C:\Program Files\Unity 2021.3.14f1\Editor\Unity.exe
-adb2
-batchMode
-noUpm
-name
AssetImportWorker3
-projectPath
C:/Users/kerim/OneDrive/Belgeler/GitHub/yeni/U-151/U-151 2D
-logFile
Logs/AssetImportWorker3.log
-srvPort
54195
Successfully changed project path to: C:/Users/kerim/OneDrive/Belgeler/GitHub/yeni/U-151/U-151 2D
C:/Users/kerim/OneDrive/Belgeler/GitHub/yeni/U-151/U-151 2D
[UnityMemory] Configuration Parameters - Can be set up in boot.config
    "memorysetup-bucket-allocator-granularity=16"
    "memorysetup-bucket-allocator-bucket-count=8"
    "memorysetup-bucket-allocator-block-size=33554432"
    "memorysetup-bucket-allocator-block-count=8"
    "memorysetup-main-allocator-block-size=16777216"
    "memorysetup-thread-allocator-block-size=16777216"
    "memorysetup-gfx-main-allocator-block-size=16777216"
    "memorysetup-gfx-thread-allocator-block-size=16777216"
    "memorysetup-cache-allocator-block-size=4194304"
    "memorysetup-typetree-allocator-block-size=2097152"
    "memorysetup-profiler-bucket-allocator-granularity=16"
    "memorysetup-profiler-bucket-allocator-bucket-count=8"
    "memorysetup-profiler-bucket-allocator-block-size=33554432"
    "memorysetup-profiler-bucket-allocator-block-count=8"
    "memorysetup-profiler-allocator-block-size=16777216"
    "memorysetup-profiler-editor-allocator-block-size=1048576"
    "memorysetup-temp-allocator-size-main=16777216"
    "memorysetup-job-temp-allocator-block-size=2097152"
    "memorysetup-job-temp-allocator-block-size-background=1048576"
    "memorysetup-job-temp-allocator-reduction-small-platforms=262144"
    "memorysetup-temp-allocator-size-background-worker=32768"
    "memorysetup-temp-allocator-size-job-worker=262144"
    "memorysetup-temp-allocator-size-preload-manager=33554432"
    "memorysetup-temp-allocator-size-nav-mesh-worker=65536"
    "memorysetup-temp-allocator-size-audio-worker=65536"
    "memorysetup-temp-allocator-size-cloud-worker=32768"
    "memorysetup-temp-allocator-size-gi-baking-worker=262144"
    "memorysetup-temp-allocator-size-gfx=262144"
Refreshing native plugins compatible for Editor in 138.51 ms, found 4 plugins.
Preloading 0 native plugins for Editor in 0.00 ms.
Initialize engine version: 2021.3.14f1 (eee1884e7226)
[Subsystems] Discovering subsystems at path C:/Program Files/Unity 2021.3.14f1/Editor/Data/Resources/UnitySubsystems
[Subsystems] Discovering subsystems at path C:/Users/kerim/OneDrive/Belgeler/GitHub/yeni/U-151/U-151 2D/Assets
GfxDevice: creating device client; threaded=0; jobified=0
Direct3D:
    Version:  Direct3D 11.0 [level 11.1]
    Renderer: NVIDIA GeForce RTX 3060 Laptop GPU (ID=0x2520)
    Vendor:   NVIDIA
    VRAM:     6009 MB
    Driver:   31.0.15.3168
Initialize mono
Mono path[0] = 'C:/Program Files/Unity 2021.3.14f1/Editor/Data/Managed'
Mono path[1] = 'C:/Program Files/Unity 2021.3.14f1/Editor/Data/MonoBleedingEdge/lib/mono/unityjit-win32'
Mono config path = 'C:/Program Files/Unity 2021.3.14f1/Editor/Data/MonoBleedingEdge/etc'
Using monoOptions --debugger-agent=transport=dt_socket,embedding=1,server=y,suspend=n,address=127.0.0.1:56580
Begin MonoManager ReloadAssembly
Registering precompiled unity dll's ...
Register platform support module: C:/Program Files/Unity 2021.3.14f1/Editor/Data/PlaybackEngines/WindowsStandaloneSupport/UnityEditor.WindowsStandalone.Extensions.dll
Registered in 0.006747 seconds.
Native extension for WindowsStandalone target not found
Refreshing native plugins compatible for Editor in 127.38 ms, found 4 plugins.
Preloading 0 native plugins for Editor in 0.00 ms.
Mono: successfully reloaded assembly
- Completed reload, in  0.903 seconds
Domain Reload Profiling:
	ReloadAssembly (903ms)
		BeginReloadAssembly (109ms)
			ExecutionOrderSort (0ms)
			DisableScriptedObjects (0ms)
			BackupInstance (0ms)
			ReleaseScriptingObjects (0ms)
			CreateAndSetChildDomain (1ms)
		EndReloadAssembly (641ms)
			LoadAssemblies (104ms)
			RebuildTransferFunctionScriptingTraits (0ms)
			SetupTypeCache (138ms)
			ReleaseScriptCaches (0ms)
			RebuildScriptCaches (38ms)
			SetupLoadedEditorAssemblies (391ms)
				LogAssemblyErrors (0ms)
				InitializePlatformSupportModulesInManaged (11ms)
				SetLoadedEditorAssemblies (0ms)
				RefreshPlugins (127ms)
				BeforeProcessingInitializeOnLoad (2ms)
				ProcessInitializeOnLoadAttributes (178ms)
				ProcessInitializeOnLoadMethodAttributes (73ms)
				AfterProcessingInitializeOnLoad (0ms)
				EditorAssembliesLoaded (0ms)
			ExecutionOrderSort2 (0ms)
			AwakeInstancesAfterBackupRestoration (0ms)
Platform modules already initialized, skipping
Registering precompiled user dll's ...
Registered in 0.018295 seconds.
Begin MonoManager ReloadAssembly
Symbol file LoadedFromMemory doesn't match image C:\Users\kerim\OneDrive\Belgeler\GitHub\yeni\U-151\U-151 2D\Library\PackageCache\com.unity.visualscripting@1.7.8\Editor\VisualScripting.Core\Dependencies\YamlDotNet\Unity.VisualScripting.YamlDotNet.dll
Symbol file LoadedFromMemory doesn't match image C:\Users\kerim\OneDrive\Belgeler\GitHub\yeni\U-151\U-151 2D\Library\PackageCache\com.unity.visualscripting@1.7.8\Editor\VisualScripting.Core\Dependencies\DotNetZip\Unity.VisualScripting.IonicZip.dll
Native extension for WindowsStandalone target not found
Refreshing native plugins compatible for Editor in 130.28 ms, found 4 plugins.
Preloading 0 native plugins for Editor in 0.00 ms.
Mono: successfully reloaded assembly
- Completed reload, in  1.721 seconds
Domain Reload Profiling:
	ReloadAssembly (1722ms)
		BeginReloadAssembly (162ms)
			ExecutionOrderSort (0ms)
			DisableScriptedObjects (8ms)
			BackupInstance (0ms)
			ReleaseScriptingObjects (0ms)
			CreateAndSetChildDomain (28ms)
		EndReloadAssembly (1377ms)
			LoadAssemblies (147ms)
			RebuildTransferFunctionScriptingTraits (0ms)
			SetupTypeCache (334ms)
			ReleaseScriptCaches (1ms)
			RebuildScriptCaches (81ms)
			SetupLoadedEditorAssemblies (745ms)
				LogAssemblyErrors (0ms)
				InitializePlatformSupportModulesInManaged (8ms)
				SetLoadedEditorAssemblies (1ms)
				RefreshPlugins (130ms)
				BeforeProcessingInitializeOnLoad (149ms)
				ProcessInitializeOnLoadAttributes (390ms)
				ProcessInitializeOnLoadMethodAttributes (54ms)
				AfterProcessingInitializeOnLoad (13ms)
				EditorAssembliesLoaded (0ms)
			ExecutionOrderSort2 (0ms)
			AwakeInstancesAfterBackupRestoration (9ms)
Platform modules already initialized, skipping
========================================================================
Worker process is ready to serve import requests
Launched and connected shader compiler UnityShaderCompiler.exe after 0.10 seconds
Refreshing native plugins compatible for Editor in 1.32 ms, found 4 plugins.
Preloading 0 native plugins for Editor in 0.00 ms.
Unloading 4207 Unused Serialized files (Serialized files now loaded: 0)
Unloading 57 unused Assets / (300.1 KB). Loaded Objects now: 4658.
Memory consumption went from 157.1 MB to 156.8 MB.
Total: 6.654000 ms (FindLiveObjects: 0.563400 ms CreateObjectMapping: 0.356600 ms MarkObjects: 5.321100 ms  DeleteObjects: 0.410900 ms)

AssetImportParameters requested are different than current active one (requested -> active):
  custom:video-decoder-ogg-theora: a1e56fd34408186e4bbccfd4996cb3dc -> 
  custom:container-muxer-webm: aa71ff27fc2769a1b78a27578f13a17b -> 
  custom:container-demuxer-webm: 4f35f7cbe854078d1ac9338744f61a02 -> 
  custom:video-encoder-webm-vp8: eb34c28f22e8b96e1ab97ce403110664 -> 
  custom:video-codec-MediaFoundation-h265: 746d11721c4dcdbdad8f713fa42b33f4 -> 
  custom:audio-encoder-webm-vorbis: bf7c407c2cedff20999df2af8eb42d56 -> 
  custom:framework-win-MediaFoundation: 216162199b28c13a410421893ffa2e32 -> 
  custom:container-demuxer-ogg: 62fdf1f143b41e24485cea50d1cbac27 -> 
  custom:video-decoder-webm-vp8: 9c59270c3fd7afecdb556c50c9e8de78 -> 
  custom:audio-decoder-ogg-vorbis: bf7c407c2cedff20999df2af8eb42d56 -> 
========================================================================
Received Prepare
Registering precompiled user dll's ...
Registered in 0.014905 seconds.
Begin MonoManager ReloadAssembly
Symbol file LoadedFromMemory doesn't match image C:\Users\kerim\OneDrive\Belgeler\GitHub\yeni\U-151\U-151 2D\Library\PackageCache\com.unity.visualscripting@1.7.8\Editor\VisualScripting.Core\Dependencies\YamlDotNet\Unity.VisualScripting.YamlDotNet.dll
Symbol file LoadedFromMemory doesn't match image C:\Users\kerim\OneDrive\Belgeler\GitHub\yeni\U-151\U-151 2D\Library\PackageCache\com.unity.visualscripting@1.7.8\Editor\VisualScripting.Core\Dependencies\DotNetZip\Unity.VisualScripting.IonicZip.dll
Native extension for WindowsStandalone target not found
Refreshing native plugins compatible for Editor in 1.52 ms, found 4 plugins.
Preloading 0 native plugins for Editor in 0.00 ms.
Mono: successfully reloaded assembly
- Completed reload, in  1.726 seconds
Domain Reload Profiling:
	ReloadAssembly (1727ms)
		BeginReloadAssembly (235ms)
			ExecutionOrderSort (0ms)
			DisableScriptedObjects (10ms)
			BackupInstance (0ms)
			ReleaseScriptingObjects (0ms)
			CreateAndSetChildDomain (71ms)
		EndReloadAssembly (1318ms)
			LoadAssemblies (157ms)
			RebuildTransferFunctionScriptingTraits (1ms)
			SetupTypeCache (405ms)
			ReleaseScriptCaches (3ms)
			RebuildScriptCaches (83ms)
			SetupLoadedEditorAssemblies (600ms)
				LogAssemblyErrors (0ms)
				InitializePlatformSupportModulesInManaged (22ms)
				SetLoadedEditorAssemblies (1ms)
				RefreshPlugins (2ms)
				BeforeProcessingInitializeOnLoad (145ms)
				ProcessInitializeOnLoadAttributes (354ms)
				ProcessInitializeOnLoadMethodAttributes (58ms)
				AfterProcessingInitializeOnLoad (18ms)
				EditorAssembliesLoaded (0ms)
			ExecutionOrderSort2 (0ms)
			AwakeInstancesAfterBackupRestoration (13ms)
Platform modules already initialized, skipping
Refreshing native plugins compatible for Editor in 5.14 ms, found 4 plugins.
Preloading 0 native plugins for Editor in 0.00 ms.
Unloading 4202 Unused Serialized files (Serialized files now loaded: 0)
Unloading 32 unused Assets / (266.6 KB). Loaded Objects now: 4673.
Memory consumption went from 157.0 MB to 156.7 MB.
Total: 5.894500 ms (FindLiveObjects: 0.340000 ms CreateObjectMapping: 0.288000 ms MarkObjects: 5.004100 ms  DeleteObjects: 0.259800 ms)

AssetImportParameters requested are different than current active one (requested -> active):
  custom:video-decoder-ogg-theora: a1e56fd34408186e4bbccfd4996cb3dc -> 
  custom:container-muxer-webm: aa71ff27fc2769a1b78a27578f13a17b -> 
  custom:container-demuxer-webm: 4f35f7cbe854078d1ac9338744f61a02 -> 
  custom:video-encoder-webm-vp8: eb34c28f22e8b96e1ab97ce403110664 -> 
  custom:video-codec-MediaFoundation-h265: 746d11721c4dcdbdad8f713fa42b33f4 -> 
  custom:audio-encoder-webm-vorbis: bf7c407c2cedff20999df2af8eb42d56 -> 
  custom:framework-win-MediaFoundation: 216162199b28c13a410421893ffa2e32 -> 
  custom:container-demuxer-ogg: 62fdf1f143b41e24485cea50d1cbac27 -> 
  custom:video-decoder-webm-vp8: 9c59270c3fd7afecdb556c50c9e8de78 -> 
  custom:audio-decoder-ogg-vorbis: bf7c407c2cedff20999df2af8eb42d56 -> 
========================================================================
Received Prepare
Registering precompiled user dll's ...
Registered in 0.017871 seconds.
Begin MonoManager ReloadAssembly
Symbol file LoadedFromMemory doesn't match image C:\Users\kerim\OneDrive\Belgeler\GitHub\yeni\U-151\U-151 2D\Library\PackageCache\com.unity.visualscripting@1.7.8\Editor\VisualScripting.Core\Dependencies\YamlDotNet\Unity.VisualScripting.YamlDotNet.dll
Symbol file LoadedFromMemory doesn't match image C:\Users\kerim\OneDrive\Belgeler\GitHub\yeni\U-151\U-151 2D\Library\PackageCache\com.unity.visualscripting@1.7.8\Editor\VisualScripting.Core\Dependencies\DotNetZip\Unity.VisualScripting.IonicZip.dll
Native extension for WindowsStandalone target not found
Refreshing native plugins compatible for Editor in 1.48 ms, found 4 plugins.
Preloading 0 native plugins for Editor in 0.00 ms.
Mono: successfully reloaded assembly
- Completed reload, in  1.605 seconds
Domain Reload Profiling:
	ReloadAssembly (1606ms)
		BeginReloadAssembly (208ms)
			ExecutionOrderSort (0ms)
			DisableScriptedObjects (8ms)
			BackupInstance (0ms)
			ReleaseScriptingObjects (0ms)
			CreateAndSetChildDomain (59ms)
		EndReloadAssembly (1229ms)
			LoadAssemblies (151ms)
			RebuildTransferFunctionScriptingTraits (0ms)
			SetupTypeCache (348ms)
			ReleaseScriptCaches (2ms)
			RebuildScriptCaches (76ms)
			SetupLoadedEditorAssemblies (581ms)
				LogAssemblyErrors (0ms)
				InitializePlatformSupportModulesInManaged (21ms)
				SetLoadedEditorAssemblies (1ms)
				RefreshPlugins (2ms)
				BeforeProcessingInitializeOnLoad (126ms)
				ProcessInitializeOnLoadAttributes (350ms)
				ProcessInitializeOnLoadMethodAttributes (64ms)
				AfterProcessingInitializeOnLoad (17ms)
				EditorAssembliesLoaded (0ms)
			ExecutionOrderSort2 (0ms)
			AwakeInstancesAfterBackupRestoration (13ms)
Platform modules already initialized, skipping
Refreshing native plugins compatible for Editor in 4.51 ms, found 4 plugins.
Preloading 0 native plugins for Editor in 0.00 ms.
Unloading 4202 Unused Serialized files (Serialized files now loaded: 0)
Unloading 32 unused Assets / (266.4 KB). Loaded Objects now: 4688.
Memory consumption went from 157.0 MB to 156.7 MB.
Total: 5.189500 ms (FindLiveObjects: 0.350800 ms CreateObjectMapping: 0.166100 ms MarkObjects: 4.388300 ms  DeleteObjects: 0.283000 ms)

AssetImportParameters requested are different than current active one (requested -> active):
  custom:video-decoder-ogg-theora: a1e56fd34408186e4bbccfd4996cb3dc -> 
  custom:container-muxer-webm: aa71ff27fc2769a1b78a27578f13a17b -> 
  custom:container-demuxer-webm: 4f35f7cbe854078d1ac9338744f61a02 -> 
  custom:video-encoder-webm-vp8: eb34c28f22e8b96e1ab97ce403110664 -> 
  custom:video-codec-MediaFoundation-h265: 746d11721c4dcdbdad8f713fa42b33f4 -> 
  custom:audio-encoder-webm-vorbis: bf7c407c2cedff20999df2af8eb42d56 -> 
  custom:framework-win-MediaFoundation: 216162199b28c13a410421893ffa2e32 -> 
  custom:container-demuxer-ogg: 62fdf1f143b41e24485cea50d1cbac27 -> 
  custom:video-decoder-webm-vp8: 9c59270c3fd7afecdb556c50c9e8de78 -> 
  custom:audio-decoder-ogg-vorbis: bf7c407c2cedff20999df2af8eb42d56 -> 
========================================================================
Received Import Request.
  Time since last request: 4680.004269 seconds.
  path: Assets/Free Pixel Space Platform Pack/Stones/Stone_02.png
  artifactKey: Guid(c4c9f83e178f8a743bb8e5099c83ffda) Importer(815301076,1909f56bfc062723c751e8b465ee728b)
Start importing Assets/Free Pixel Space Platform Pack/Stones/Stone_02.png using Guid(c4c9f83e178f8a743bb8e5099c83ffda) Importer(815301076,1909f56bfc062723c751e8b465ee728b)  -> (artifact id: '4a05c87d117a5b1d1f5e6e1e1f7d7acd') in 0.200393 seconds 
========================================================================
Received Import Request.
  Time since last request: 2.561138 seconds.
  path: Assets/Free Pixel Space Platform Pack/Spikes/Spike_02.png
  artifactKey: Guid(dddd89db6df12524186d273282174949) Importer(815301076,1909f56bfc062723c751e8b465ee728b)
Start importing Assets/Free Pixel Space Platform Pack/Spikes/Spike_02.png using Guid(dddd89db6df12524186d273282174949) Importer(815301076,1909f56bfc062723c751e8b465ee728b)  -> (artifact id: '12b55e163c5e110979cd858fac28c45b') in 0.030602 seconds 
========================================================================
Received Import Request.
  Time since last request: 0.000029 seconds.
  path: Assets/Free Pixel Space Platform Pack/Spikes/Spike_04.png
  artifactKey: Guid(9a80b48bb9ff266408fd34f946cae49c) Importer(815301076,1909f56bfc062723c751e8b465ee728b)
Start importing Assets/Free Pixel Space Platform Pack/Spikes/Spike_04.png using Guid(9a80b48bb9ff266408fd34f946cae49c) Importer(815301076,1909f56bfc062723c751e8b465ee728b)  -> (artifact id: 'dca8ebf9d2469bba2706c0ab142adbe0') in 0.028650 seconds 
========================================================================
Received Import Request.
  Time since last request: 0.000036 seconds.
  path: Assets/Free Pixel Space Platform Pack/Spikes/Spike_03.png
  artifactKey: Guid(f9ca9e3ba4deed54988fe281e5ccf4ef) Importer(815301076,1909f56bfc062723c751e8b465ee728b)
Start importing Assets/Free Pixel Space Platform Pack/Spikes/Spike_03.png using Guid(f9ca9e3ba4deed54988fe281e5ccf4ef) Importer(815301076,1909f56bfc062723c751e8b465ee728b)  -> (artifact id: '95f7c7f376e470986bc2a08e830a2e60') in 0.028206 seconds 
========================================================================
Received Import Request.
  Time since last request: 4.334193 seconds.
  path: Assets/Free Pixel Space Platform Pack/Portal/PortalOn.png
  artifactKey: Guid(a250755ac1951bb4fa0ea9b06a3408a8) Importer(815301076,1909f56bfc062723c751e8b465ee728b)
Start importing Assets/Free Pixel Space Platform Pack/Portal/PortalOn.png using Guid(a250755ac1951bb4fa0ea9b06a3408a8) Importer(815301076,1909f56bfc062723c751e8b465ee728b)  -> (artifact id: '38b20506091d3148d619a9fe822d4c79') in 0.034263 seconds 
========================================================================
Received Import Request.
  Time since last request: 4.065153 seconds.
  path: Assets/Free Pixel Space Platform Pack/Plants/GrassUp.png
  artifactKey: Guid(c33597f3b548250438320bd772ebb30e) Importer(815301076,1909f56bfc062723c751e8b465ee728b)
Start importing Assets/Free Pixel Space Platform Pack/Plants/GrassUp.png using Guid(c33597f3b548250438320bd772ebb30e) Importer(815301076,1909f56bfc062723c751e8b465ee728b)  -> (artifact id: 'aa9785b54be4243b4a63557197921e06') in 0.029956 seconds 
========================================================================
Received Import Request.
  Time since last request: 0.000028 seconds.
  path: Assets/Free Pixel Space Platform Pack/Plants/GreenBush.png
  artifactKey: Guid(da20a98f295c37f45a640ed110f4cc95) Importer(815301076,1909f56bfc062723c751e8b465ee728b)
Start importing Assets/Free Pixel Space Platform Pack/Plants/GreenBush.png using Guid(da20a98f295c37f45a640ed110f4cc95) Importer(815301076,1909f56bfc062723c751e8b465ee728b)  -> (artifact id: '0aa6283d6931ef3dd44b3bf48c49070c') in 0.029728 seconds 
========================================================================
Received Import Request.
  Time since last request: 0.000030 seconds.
  path: Assets/Free Pixel Space Platform Pack/Plants/VioletMushroom_02.png
  artifactKey: Guid(9cd9401400962034eb249e1823bc1917) Importer(815301076,1909f56bfc062723c751e8b465ee728b)
Start importing Assets/Free Pixel Space Platform Pack/Plants/VioletMushroom_02.png using Guid(9cd9401400962034eb249e1823bc1917) Importer(815301076,1909f56bfc062723c751e8b465ee728b)  -> (artifact id: '5acb51b5e948c8cc8ffbe9542af2c3e6') in 0.027600 seconds 
========================================================================
Received Import Request.
  Time since last request: 0.000032 seconds.
  path: Assets/Free Pixel Space Platform Pack/Plants/VioletTree_01.png
  artifactKey: Guid(0ea2d438142d63f4da9a3d26c09921a0) Importer(815301076,1909f56bfc062723c751e8b465ee728b)
Start importing Assets/Free Pixel Space Platform Pack/Plants/VioletTree_01.png using Guid(0ea2d438142d63f4da9a3d26c09921a0) Importer(815301076,1909f56bfc062723c751e8b465ee728b)  -> (artifact id: '8b2fdcf8c53d517ba1b633d19741644c') in 0.031074 seconds 
========================================================================
Received Import Request.
  Time since last request: 4.952588 seconds.
  path: Assets/Free Pixel Space Platform Pack/Crystals/Crystal_03.png
  artifactKey: Guid(06443816dcf9c55449f8c2107d2c0507) Importer(815301076,1909f56bfc062723c751e8b465ee728b)
Start importing Assets/Free Pixel Space Platform Pack/Crystals/Crystal_03.png using Guid(06443816dcf9c55449f8c2107d2c0507) Importer(815301076,1909f56bfc062723c751e8b465ee728b)  -> (artifact id: 'fad4591607340de0643e433822c78a27') in 0.026842 seconds 
========================================================================
Received Import Request.
  Time since last request: 44.302723 seconds.
  path: Assets/Free Pixel Space Platform Pack/Astronaut/AstroStay.png
  artifactKey: Guid(7147553b1e72eec449c5ace4f9f4d13a) Importer(815301076,1909f56bfc062723c751e8b465ee728b)
Start importing Assets/Free Pixel Space Platform Pack/Astronaut/AstroStay.png using Guid(7147553b1e72eec449c5ace4f9f4d13a) Importer(815301076,1909f56bfc062723c751e8b465ee728b)  -> (artifact id: 'a8b9ad3fd0c91cd1ab884654deaae839') in 0.030467 seconds 
========================================================================
Received Import Request.
  Time since last request: 6.996891 seconds.
  path: Assets/Free Pixel Space Platform Pack/Tiles/TileBack.png
  artifactKey: Guid(a1aa568a921b5c542a627167f51b1f4d) Importer(815301076,1909f56bfc062723c751e8b465ee728b)
Start importing Assets/Free Pixel Space Platform Pack/Tiles/TileBack.png using Guid(a1aa568a921b5c542a627167f51b1f4d) Importer(815301076,1909f56bfc062723c751e8b465ee728b)  -> (artifact id: 'b9b9b5353c474f5c081859caa4a3631c') in 0.034629 seconds 
========================================================================
Received Import Request.
  Time since last request: 0.000053 seconds.
  path: Assets/Free Pixel Space Platform Pack/Tiles/TileFull.png
  artifactKey: Guid(81798902eea5e0c4caab6112ba05f783) Importer(815301076,1909f56bfc062723c751e8b465ee728b)
Start importing Assets/Free Pixel Space Platform Pack/Tiles/TileFull.png using Guid(81798902eea5e0c4caab6112ba05f783) Importer(815301076,1909f56bfc062723c751e8b465ee728b)  -> (artifact id: '6c4bdf5c558b092c5d2cb7240f741fa7') in 0.038170 seconds 
========================================================================
Received Import Request.
  Time since last request: 0.000074 seconds.
  path: Assets/Free Pixel Space Platform Pack/Tiles/TileUpDown.png
  artifactKey: Guid(84c1461c959bb7d498afda3d0f38f5aa) Importer(815301076,1909f56bfc062723c751e8b465ee728b)
Start importing Assets/Free Pixel Space Platform Pack/Tiles/TileUpDown.png using Guid(84c1461c959bb7d498afda3d0f38f5aa) Importer(815301076,1909f56bfc062723c751e8b465ee728b)  -> (artifact id: '25b4a3b01fac3ded4ad862c38f4fe31f') in 0.034553 seconds 
========================================================================
Received Import Request.
  Time since last request: 0.000031 seconds.
  path: Assets/Free Pixel Space Platform Pack/Tiles/TileUp.png
  artifactKey: Guid(17e40cecbd93db641ada5f1e038c89ed) Importer(815301076,1909f56bfc062723c751e8b465ee728b)
Start importing Assets/Free Pixel Space Platform Pack/Tiles/TileUp.png using Guid(17e40cecbd93db641ada5f1e038c89ed) Importer(815301076,1909f56bfc062723c751e8b465ee728b)  -> (artifact id: 'd432b9d319d601b846118a3825543a34') in 0.029674 seconds 
========================================================================
Received Import Request.
  Time since last request: 96.670137 seconds.
  path: Assets/Free Pixel Space Platform Pack/Tiles/TileBack.asset
  artifactKey: Guid(58e7af2ef41adb441bbb32c9ba03eda4) Importer(815301076,1909f56bfc062723c751e8b465ee728b)
Start importing Assets/Free Pixel Space Platform Pack/Tiles/TileBack.asset using Guid(58e7af2ef41adb441bbb32c9ba03eda4) Importer(815301076,1909f56bfc062723c751e8b465ee728b)  -> (artifact id: 'a827770bb29dbe2d4dd176e2840f6d1e') in 0.042993 seconds 
========================================================================
Received Import Request.
  Time since last request: 17.954977 seconds.
  path: Assets/Free Pixel Space Platform Pack/Tiles/New Palette.prefab
  artifactKey: Guid(593c932ee348ad14382a350af26dba19) Importer(815301076,1909f56bfc062723c751e8b465ee728b)
Start importing Assets/Free Pixel Space Platform Pack/Tiles/New Palette.prefab using Guid(593c932ee348ad14382a350af26dba19) Importer(815301076,1909f56bfc062723c751e8b465ee728b)  -> (artifact id: '383cf7a92a7385f1a2dbada88e79d523') in 0.160471 seconds 
========================================================================
Received Import Request.
  Time since last request: 0.000029 seconds.
  path: Assets/Free Pixel Space Platform Pack/Tiles/RightSteps.asset
  artifactKey: Guid(87d48bd4e2dd0a84b8f5b9d8b68161a3) Importer(815301076,1909f56bfc062723c751e8b465ee728b)
Start importing Assets/Free Pixel Space Platform Pack/Tiles/RightSteps.asset using Guid(87d48bd4e2dd0a84b8f5b9d8b68161a3) Importer(815301076,1909f56bfc062723c751e8b465ee728b)  -> (artifact id: '2cc15a7c2bc715523d5d84bb9a492cb9') in 0.013333 seconds 
========================================================================
Received Import Request.
  Time since last request: 0.000036 seconds.
  path: Assets/Free Pixel Space Platform Pack/Tiles/TileRightDown.asset
  artifactKey: Guid(caf42fce549e8ee47a6a7ef197aba710) Importer(815301076,1909f56bfc062723c751e8b465ee728b)
Start importing Assets/Free Pixel Space Platform Pack/Tiles/TileRightDown.asset using Guid(caf42fce549e8ee47a6a7ef197aba710) Importer(815301076,1909f56bfc062723c751e8b465ee728b)  -> (artifact id: 'a9934da955dd148a42d8aa74aa16d3af') in 0.009981 seconds 
========================================================================
Received Import Request.
  Time since last request: 0.000020 seconds.
  path: Assets/Free Pixel Space Platform Pack/Tiles/TileLeft.asset
  artifactKey: Guid(b7bdd8d64f649e648a124a277d398622) Importer(815301076,1909f56bfc062723c751e8b465ee728b)
Start importing Assets/Free Pixel Space Platform Pack/Tiles/TileLeft.asset using Guid(b7bdd8d64f649e648a124a277d398622) Importer(815301076,1909f56bfc062723c751e8b465ee728b)  -> (artifact id: 'd588653acbc8116fdbe49a3b5d1cc223') in 0.013551 seconds 
========================================================================
Received Import Request.
  Time since last request: 0.000023 seconds.
  path: Assets/Free Pixel Space Platform Pack/Tiles/TileLeftRight.asset
  artifactKey: Guid(fca324f2679a4f241983a4c7764e6a80) Importer(815301076,1909f56bfc062723c751e8b465ee728b)
Start importing Assets/Free Pixel Space Platform Pack/Tiles/TileLeftRight.asset using Guid(fca324f2679a4f241983a4c7764e6a80) Importer(815301076,1909f56bfc062723c751e8b465ee728b)  -> (artifact id: '77b5e9b12eb48490477b9eb1acc694ca') in 0.012668 seconds 
Editor requested this worker to shutdown with reason: Scaling down because of idle timeout
AssetImportWorker is now disconnected from the server
Process exiting
Exiting without the bug reporter. Application will terminate with return code 0