Using pre-set license
Built from '2021.3/staging' branch; Version is '2021.3.14f1 (eee1884e7226) revision 15655304'; Using compiler version '192829333'; Build Type 'Release'
OS: 'Windows 11  (10.0.22621) 64bit Professional' Language: 'en' Physical Memory: 15613 MB
BatchMode: 1, IsHumanControllingUs: 0, StartBugReporterOnCrash: 0, Is64bit: 1, IsPro: 1

COMMAND LINE ARGUMENTS:
C:\Program Files\Unity 2021.3.14f1\Editor\Unity.exe
-adb2
-batchMode
-noUpm
-name
AssetImportWorker4
-projectPath
C:/Users/kerim/OneDrive/Belgeler/GitHub/yeni/U-151/U-151 2D
-logFile
Logs/AssetImportWorker4.log
-srvPort
54195
Successfully changed project path to: C:/Users/kerim/OneDrive/Belgeler/GitHub/yeni/U-151/U-151 2D
C:/Users/kerim/OneDrive/Belgeler/GitHub/yeni/U-151/U-151 2D
[UnityMemory] Configuration Parameters - Can be set up in boot.config
    "memorysetup-bucket-allocator-granularity=16"
    "memorysetup-bucket-allocator-bucket-count=8"
    "memorysetup-bucket-allocator-block-size=33554432"
    "memorysetup-bucket-allocator-block-count=8"
    "memorysetup-main-allocator-block-size=16777216"
    "memorysetup-thread-allocator-block-size=16777216"
    "memorysetup-gfx-main-allocator-block-size=16777216"
    "memorysetup-gfx-thread-allocator-block-size=16777216"
    "memorysetup-cache-allocator-block-size=4194304"
    "memorysetup-typetree-allocator-block-size=2097152"
    "memorysetup-profiler-bucket-allocator-granularity=16"
    "memorysetup-profiler-bucket-allocator-bucket-count=8"
    "memorysetup-profiler-bucket-allocator-block-size=33554432"
    "memorysetup-profiler-bucket-allocator-block-count=8"
    "memorysetup-profiler-allocator-block-size=16777216"
    "memorysetup-profiler-editor-allocator-block-size=1048576"
    "memorysetup-temp-allocator-size-main=16777216"
    "memorysetup-job-temp-allocator-block-size=2097152"
    "memorysetup-job-temp-allocator-block-size-background=1048576"
    "memorysetup-job-temp-allocator-reduction-small-platforms=262144"
    "memorysetup-temp-allocator-size-background-worker=32768"
    "memorysetup-temp-allocator-size-job-worker=262144"
    "memorysetup-temp-allocator-size-preload-manager=33554432"
    "memorysetup-temp-allocator-size-nav-mesh-worker=65536"
    "memorysetup-temp-allocator-size-audio-worker=65536"
    "memorysetup-temp-allocator-size-cloud-worker=32768"
    "memorysetup-temp-allocator-size-gi-baking-worker=262144"
    "memorysetup-temp-allocator-size-gfx=262144"
Refreshing native plugins compatible for Editor in 145.20 ms, found 4 plugins.
Preloading 0 native plugins for Editor in 0.00 ms.
Initialize engine version: 2021.3.14f1 (eee1884e7226)
[Subsystems] Discovering subsystems at path C:/Program Files/Unity 2021.3.14f1/Editor/Data/Resources/UnitySubsystems
[Subsystems] Discovering subsystems at path C:/Users/kerim/OneDrive/Belgeler/GitHub/yeni/U-151/U-151 2D/Assets
GfxDevice: creating device client; threaded=0; jobified=0
Direct3D:
    Version:  Direct3D 11.0 [level 11.1]
    Renderer: NVIDIA GeForce RTX 3060 Laptop GPU (ID=0x2520)
    Vendor:   NVIDIA
    VRAM:     6009 MB
    Driver:   31.0.15.3168
Initialize mono
Mono path[0] = 'C:/Program Files/Unity 2021.3.14f1/Editor/Data/Managed'
Mono path[1] = 'C:/Program Files/Unity 2021.3.14f1/Editor/Data/MonoBleedingEdge/lib/mono/unityjit-win32'
Mono config path = 'C:/Program Files/Unity 2021.3.14f1/Editor/Data/MonoBleedingEdge/etc'
Using monoOptions --debugger-agent=transport=dt_socket,embedding=1,server=y,suspend=n,address=127.0.0.1:56612
Begin MonoManager ReloadAssembly
Registering precompiled unity dll's ...
Register platform support module: C:/Program Files/Unity 2021.3.14f1/Editor/Data/PlaybackEngines/WindowsStandaloneSupport/UnityEditor.WindowsStandalone.Extensions.dll
Registered in 0.006562 seconds.
Native extension for WindowsStandalone target not found
Refreshing native plugins compatible for Editor in 133.62 ms, found 4 plugins.
Preloading 0 native plugins for Editor in 0.00 ms.
Mono: successfully reloaded assembly
- Completed reload, in  0.965 seconds
Domain Reload Profiling:
	ReloadAssembly (966ms)
		BeginReloadAssembly (124ms)
			ExecutionOrderSort (0ms)
			DisableScriptedObjects (0ms)
			BackupInstance (0ms)
			ReleaseScriptingObjects (0ms)
			CreateAndSetChildDomain (1ms)
		EndReloadAssembly (669ms)
			LoadAssemblies (120ms)
			RebuildTransferFunctionScriptingTraits (0ms)
			SetupTypeCache (149ms)
			ReleaseScriptCaches (0ms)
			RebuildScriptCaches (40ms)
			SetupLoadedEditorAssemblies (401ms)
				LogAssemblyErrors (0ms)
				InitializePlatformSupportModulesInManaged (11ms)
				SetLoadedEditorAssemblies (0ms)
				RefreshPlugins (134ms)
				BeforeProcessingInitializeOnLoad (2ms)
				ProcessInitializeOnLoadAttributes (186ms)
				ProcessInitializeOnLoadMethodAttributes (68ms)
				AfterProcessingInitializeOnLoad (0ms)
				EditorAssembliesLoaded (0ms)
			ExecutionOrderSort2 (0ms)
			AwakeInstancesAfterBackupRestoration (0ms)
Platform modules already initialized, skipping
Registering precompiled user dll's ...
Registered in 0.017094 seconds.
Begin MonoManager ReloadAssembly
Symbol file LoadedFromMemory doesn't match image C:\Users\kerim\OneDrive\Belgeler\GitHub\yeni\U-151\U-151 2D\Library\PackageCache\com.unity.visualscripting@1.7.8\Editor\VisualScripting.Core\Dependencies\YamlDotNet\Unity.VisualScripting.YamlDotNet.dll
Symbol file LoadedFromMemory doesn't match image C:\Users\kerim\OneDrive\Belgeler\GitHub\yeni\U-151\U-151 2D\Library\PackageCache\com.unity.visualscripting@1.7.8\Editor\VisualScripting.Core\Dependencies\DotNetZip\Unity.VisualScripting.IonicZip.dll
Native extension for WindowsStandalone target not found
Refreshing native plugins compatible for Editor in 130.79 ms, found 4 plugins.
Preloading 0 native plugins for Editor in 0.00 ms.
Mono: successfully reloaded assembly
- Completed reload, in  1.689 seconds
Domain Reload Profiling:
	ReloadAssembly (1690ms)
		BeginReloadAssembly (154ms)
			ExecutionOrderSort (0ms)
			DisableScriptedObjects (8ms)
			BackupInstance (0ms)
			ReleaseScriptingObjects (0ms)
			CreateAndSetChildDomain (27ms)
		EndReloadAssembly (1371ms)
			LoadAssemblies (134ms)
			RebuildTransferFunctionScriptingTraits (0ms)
			SetupTypeCache (355ms)
			ReleaseScriptCaches (1ms)
			RebuildScriptCaches (81ms)
			SetupLoadedEditorAssemblies (728ms)
				LogAssemblyErrors (0ms)
				InitializePlatformSupportModulesInManaged (6ms)
				SetLoadedEditorAssemblies (0ms)
				RefreshPlugins (131ms)
				BeforeProcessingInitializeOnLoad (152ms)
				ProcessInitializeOnLoadAttributes (370ms)
				ProcessInitializeOnLoadMethodAttributes (58ms)
				AfterProcessingInitializeOnLoad (11ms)
				EditorAssembliesLoaded (0ms)
			ExecutionOrderSort2 (0ms)
			AwakeInstancesAfterBackupRestoration (8ms)
Platform modules already initialized, skipping
========================================================================
Worker process is ready to serve import requests
Launched and connected shader compiler UnityShaderCompiler.exe after 0.08 seconds
Refreshing native plugins compatible for Editor in 1.60 ms, found 4 plugins.
Preloading 0 native plugins for Editor in 0.00 ms.
Unloading 4207 Unused Serialized files (Serialized files now loaded: 0)
Unloading 57 unused Assets / (300.0 KB). Loaded Objects now: 4658.
Memory consumption went from 157.0 MB to 156.8 MB.
Total: 7.174600 ms (FindLiveObjects: 0.363400 ms CreateObjectMapping: 1.028000 ms MarkObjects: 5.520100 ms  DeleteObjects: 0.261300 ms)

AssetImportParameters requested are different than current active one (requested -> active):
  custom:video-decoder-ogg-theora: a1e56fd34408186e4bbccfd4996cb3dc -> 
  custom:container-muxer-webm: aa71ff27fc2769a1b78a27578f13a17b -> 
  custom:container-demuxer-webm: 4f35f7cbe854078d1ac9338744f61a02 -> 
  custom:video-encoder-webm-vp8: eb34c28f22e8b96e1ab97ce403110664 -> 
  custom:video-codec-MediaFoundation-h265: 746d11721c4dcdbdad8f713fa42b33f4 -> 
  custom:audio-encoder-webm-vorbis: bf7c407c2cedff20999df2af8eb42d56 -> 
  custom:framework-win-MediaFoundation: 216162199b28c13a410421893ffa2e32 -> 
  custom:container-demuxer-ogg: 62fdf1f143b41e24485cea50d1cbac27 -> 
  custom:video-decoder-webm-vp8: 9c59270c3fd7afecdb556c50c9e8de78 -> 
  custom:audio-decoder-ogg-vorbis: bf7c407c2cedff20999df2af8eb42d56 -> 
========================================================================
Received Import Request.
  Time since last request: 4689.561893 seconds.
  path: Assets/Free Pixel Space Platform Pack/Platforms
  artifactKey: Guid(b659e377044f6e84689255741e67af15) Importer(815301076,1909f56bfc062723c751e8b465ee728b)
Start importing Assets/Free Pixel Space Platform Pack/Platforms using Guid(b659e377044f6e84689255741e67af15) Importer(815301076,1909f56bfc062723c751e8b465ee728b)  -> (artifact id: '7f35175a3af53b6c631dbf9f0b28c9d5') in 0.012618 seconds 
========================================================================
Received Import Request.
  Time since last request: 0.063542 seconds.
  path: Assets/Free Pixel Space Platform Pack/Platforms/Platform_01.png
  artifactKey: Guid(d5a5a095533998846bf0837cde435e5d) Importer(815301076,1909f56bfc062723c751e8b465ee728b)
Start importing Assets/Free Pixel Space Platform Pack/Platforms/Platform_01.png using Guid(d5a5a095533998846bf0837cde435e5d) Importer(815301076,1909f56bfc062723c751e8b465ee728b)  -> (artifact id: '94a478963e5b11b20fabf5bb21317553') in 0.164633 seconds 
========================================================================
Received Import Request.
  Time since last request: 1.380018 seconds.
  path: Assets/Free Pixel Space Platform Pack/Plants
  artifactKey: Guid(5b424c2ec79f32641b8579ba8aebd0bc) Importer(815301076,1909f56bfc062723c751e8b465ee728b)
Start importing Assets/Free Pixel Space Platform Pack/Plants using Guid(5b424c2ec79f32641b8579ba8aebd0bc) Importer(815301076,1909f56bfc062723c751e8b465ee728b)  -> (artifact id: '52c136285ef6b703e208361e5a738465') in 0.003503 seconds 
========================================================================
Received Import Request.
  Time since last request: 0.121798 seconds.
  path: Assets/Free Pixel Space Platform Pack/Plants/GrassDown_01.png
  artifactKey: Guid(88ef4bfdabca9e644a0a8f1e0c592cba) Importer(815301076,1909f56bfc062723c751e8b465ee728b)
Start importing Assets/Free Pixel Space Platform Pack/Plants/GrassDown_01.png using Guid(88ef4bfdabca9e644a0a8f1e0c592cba) Importer(815301076,1909f56bfc062723c751e8b465ee728b)  -> (artifact id: '64ce154263e3620e26c36aa14f4db0f4') in 0.031933 seconds 
========================================================================
Received Import Request.
  Time since last request: 0.000023 seconds.
  path: Assets/Free Pixel Space Platform Pack/Plants/VioletTree_03.png
  artifactKey: Guid(d7c4331171b8f1d4da407a4bd6d4f8f4) Importer(815301076,1909f56bfc062723c751e8b465ee728b)
Start importing Assets/Free Pixel Space Platform Pack/Plants/VioletTree_03.png using Guid(d7c4331171b8f1d4da407a4bd6d4f8f4) Importer(815301076,1909f56bfc062723c751e8b465ee728b)  -> (artifact id: '7f7308491fd2a563860c83bde90b0b84') in 0.027848 seconds 
========================================================================
Received Import Request.
  Time since last request: 0.000027 seconds.
  path: Assets/Free Pixel Space Platform Pack/Plants/GreenTree_01.png
  artifactKey: Guid(1fd6c0bea09fddd499980688c890931a) Importer(815301076,1909f56bfc062723c751e8b465ee728b)
Start importing Assets/Free Pixel Space Platform Pack/Plants/GreenTree_01.png using Guid(1fd6c0bea09fddd499980688c890931a) Importer(815301076,1909f56bfc062723c751e8b465ee728b)  -> (artifact id: '8ed0dbf1a19839dbe1f6f9df13a10405') in 0.026339 seconds 
========================================================================
Received Import Request.
  Time since last request: 0.000030 seconds.
  path: Assets/Free Pixel Space Platform Pack/Plants/VioletMushroom_01.png
  artifactKey: Guid(91b8dcd8b97f858439485b63a6278b62) Importer(815301076,1909f56bfc062723c751e8b465ee728b)
Start importing Assets/Free Pixel Space Platform Pack/Plants/VioletMushroom_01.png using Guid(91b8dcd8b97f858439485b63a6278b62) Importer(815301076,1909f56bfc062723c751e8b465ee728b)  -> (artifact id: 'a118902b9c641efeedab062e30142918') in 0.025777 seconds 
========================================================================
Received Import Request.
  Time since last request: 1.719734 seconds.
  path: Assets/Free Pixel Space Platform Pack/Lever
  artifactKey: Guid(d79906e062bc82d49bad94532ae7b1ae) Importer(815301076,1909f56bfc062723c751e8b465ee728b)
Start importing Assets/Free Pixel Space Platform Pack/Lever using Guid(d79906e062bc82d49bad94532ae7b1ae) Importer(815301076,1909f56bfc062723c751e8b465ee728b)  -> (artifact id: '8ce9e30c4c45bd235ed9991fd28a2d75') in 0.003629 seconds 
========================================================================
Received Import Request.
  Time since last request: 0.140929 seconds.
  path: Assets/Free Pixel Space Platform Pack/Lever/LeverDown.png
  artifactKey: Guid(53fe5536596828e4d825b293ed6fa148) Importer(815301076,1909f56bfc062723c751e8b465ee728b)
Start importing Assets/Free Pixel Space Platform Pack/Lever/LeverDown.png using Guid(53fe5536596828e4d825b293ed6fa148) Importer(815301076,1909f56bfc062723c751e8b465ee728b)  -> (artifact id: '2dde072f83ddc53c138aaad4d2166a02') in 0.026319 seconds 
========================================================================
Received Import Request.
  Time since last request: 1.319219 seconds.
  path: Assets/Free Pixel Space Platform Pack/Ladders
  artifactKey: Guid(96cd09886ef21d94ba1637fa8e29ee20) Importer(815301076,1909f56bfc062723c751e8b465ee728b)
Start importing Assets/Free Pixel Space Platform Pack/Ladders using Guid(96cd09886ef21d94ba1637fa8e29ee20) Importer(815301076,1909f56bfc062723c751e8b465ee728b)  -> (artifact id: '452788c6e6119ea2c6d3841da5d0141e') in 0.003740 seconds 
========================================================================
Received Import Request.
  Time since last request: 0.066908 seconds.
  path: Assets/Free Pixel Space Platform Pack/Ladders/Ladder_01.png
  artifactKey: Guid(620def5c8baa13d4e8e6ee6f2fc64d7d) Importer(815301076,1909f56bfc062723c751e8b465ee728b)
Start importing Assets/Free Pixel Space Platform Pack/Ladders/Ladder_01.png using Guid(620def5c8baa13d4e8e6ee6f2fc64d7d) Importer(815301076,1909f56bfc062723c751e8b465ee728b)  -> (artifact id: 'b3613e391b2e1d4b7096300d906cc452') in 0.029946 seconds 
========================================================================
Received Import Request.
  Time since last request: 1.157995 seconds.
  path: Assets/Free Pixel Space Platform Pack/Boxes
  artifactKey: Guid(4784346a78de7724cb638031b35a7277) Importer(815301076,1909f56bfc062723c751e8b465ee728b)
Start importing Assets/Free Pixel Space Platform Pack/Boxes using Guid(4784346a78de7724cb638031b35a7277) Importer(815301076,1909f56bfc062723c751e8b465ee728b)  -> (artifact id: 'a85958dfa60d8ce3498b95e295cd7b1a') in 0.003595 seconds 
========================================================================
Received Import Request.
  Time since last request: 0.315803 seconds.
  path: Assets/Free Pixel Space Platform Pack/Crystals
  artifactKey: Guid(c2cd175370d288f419127e24904d4b6b) Importer(815301076,1909f56bfc062723c751e8b465ee728b)
Start importing Assets/Free Pixel Space Platform Pack/Crystals using Guid(c2cd175370d288f419127e24904d4b6b) Importer(815301076,1909f56bfc062723c751e8b465ee728b)  -> (artifact id: '345a39be6d5525ec5912ba642ec7ca82') in 0.003564 seconds 
========================================================================
Received Import Request.
  Time since last request: 0.121250 seconds.
  path: Assets/Free Pixel Space Platform Pack/Crystals/Crystal_01.png
  artifactKey: Guid(74a5671230dc7084fa09de6ca3a551ab) Importer(815301076,1909f56bfc062723c751e8b465ee728b)
Start importing Assets/Free Pixel Space Platform Pack/Crystals/Crystal_01.png using Guid(74a5671230dc7084fa09de6ca3a551ab) Importer(815301076,1909f56bfc062723c751e8b465ee728b)  -> (artifact id: 'd1256621863bce34060853e9b19e4289') in 0.025740 seconds 
========================================================================
Received Import Request.
  Time since last request: 1.115845 seconds.
  path: Assets/Free Pixel Space Platform Pack/Boxes/Box_01.png
  artifactKey: Guid(1470a8da87de4eb44966e953ef10b55e) Importer(815301076,1909f56bfc062723c751e8b465ee728b)
Start importing Assets/Free Pixel Space Platform Pack/Boxes/Box_01.png using Guid(1470a8da87de4eb44966e953ef10b55e) Importer(815301076,1909f56bfc062723c751e8b465ee728b)  -> (artifact id: '34e0c628505c21f725a569a6b94450cb') in 0.027310 seconds 
========================================================================
Received Import Request.
  Time since last request: 1.031703 seconds.
  path: Assets/Free Pixel Space Platform Pack/Background
  artifactKey: Guid(e12c2345565a9ba44b58fb655e1989cf) Importer(815301076,1909f56bfc062723c751e8b465ee728b)
Start importing Assets/Free Pixel Space Platform Pack/Background using Guid(e12c2345565a9ba44b58fb655e1989cf) Importer(815301076,1909f56bfc062723c751e8b465ee728b)  -> (artifact id: '32ef927c0291d81155174d6efdb64980') in 0.004488 seconds 
========================================================================
Received Import Request.
  Time since last request: 0.123414 seconds.
  path: Assets/Free Pixel Space Platform Pack/Background/SpaceBackGround.png
  artifactKey: Guid(7531ee5749d7b3c41a9c675fd9e784e9) Importer(815301076,1909f56bfc062723c751e8b465ee728b)
Start importing Assets/Free Pixel Space Platform Pack/Background/SpaceBackGround.png using Guid(7531ee5749d7b3c41a9c675fd9e784e9) Importer(815301076,1909f56bfc062723c751e8b465ee728b)  -> (artifact id: '9568c9687b5803a42f0d47ae21fb4f03') in 0.153883 seconds 
========================================================================
Received Import Request.
  Time since last request: 41.510391 seconds.
  path: Assets/Free Pixel Space Platform Pack/Astronaut
  artifactKey: Guid(9f94db1720caf7c43a8ec3fef087eb51) Importer(815301076,1909f56bfc062723c751e8b465ee728b)
Start importing Assets/Free Pixel Space Platform Pack/Astronaut using Guid(9f94db1720caf7c43a8ec3fef087eb51) Importer(815301076,1909f56bfc062723c751e8b465ee728b)  -> (artifact id: '27525ec76b6aa5b9988c7d2178b983a2') in 0.005794 seconds 
========================================================================
Received Import Request.
  Time since last request: 0.292552 seconds.
  path: Assets/Free Pixel Space Platform Pack/Astronaut/AstroJump.png
  artifactKey: Guid(595455060f74ad64b8c6e73ef963ec3d) Importer(815301076,1909f56bfc062723c751e8b465ee728b)
Start importing Assets/Free Pixel Space Platform Pack/Astronaut/AstroJump.png using Guid(595455060f74ad64b8c6e73ef963ec3d) Importer(815301076,1909f56bfc062723c751e8b465ee728b)  -> (artifact id: '0ba71b070c95d489ed93bee588c06c4c') in 0.051191 seconds 
========================================================================
Received Import Request.
  Time since last request: 6.818927 seconds.
  path: Assets/Free Pixel Space Platform Pack/Tiles
  artifactKey: Guid(a0d815329c8e65740ac96703b0230571) Importer(815301076,1909f56bfc062723c751e8b465ee728b)
Start importing Assets/Free Pixel Space Platform Pack/Tiles using Guid(a0d815329c8e65740ac96703b0230571) Importer(815301076,1909f56bfc062723c751e8b465ee728b)  -> (artifact id: '032ca4bf480c475f7b2deb36da4f6394') in 0.004363 seconds 
========================================================================
Received Import Request.
  Time since last request: 0.142425 seconds.
  path: Assets/Free Pixel Space Platform Pack/Tiles/LeftSteps.png
  artifactKey: Guid(2e95defa14adf5e41b37eebf7a7db3ee) Importer(815301076,1909f56bfc062723c751e8b465ee728b)
Start importing Assets/Free Pixel Space Platform Pack/Tiles/LeftSteps.png using Guid(2e95defa14adf5e41b37eebf7a7db3ee) Importer(815301076,1909f56bfc062723c751e8b465ee728b)  -> (artifact id: 'a1af52e24e6eb54424d3936649274e54') in 0.035087 seconds 
========================================================================
Received Import Request.
  Time since last request: 0.000032 seconds.
  path: Assets/Free Pixel Space Platform Pack/Tiles/TileLeftRight.png
  artifactKey: Guid(43328411098f27d4dbe577fd4b4d9f15) Importer(815301076,1909f56bfc062723c751e8b465ee728b)
Start importing Assets/Free Pixel Space Platform Pack/Tiles/TileLeftRight.png using Guid(43328411098f27d4dbe577fd4b4d9f15) Importer(815301076,1909f56bfc062723c751e8b465ee728b)  -> (artifact id: '80e26253e63acc6444275848bb101f41') in 0.036198 seconds 
========================================================================
Received Import Request.
  Time since last request: 0.000033 seconds.
  path: Assets/Free Pixel Space Platform Pack/Tiles/TileUpRight.png
  artifactKey: Guid(1823a931f6945c54086916081c699694) Importer(815301076,1909f56bfc062723c751e8b465ee728b)
Start importing Assets/Free Pixel Space Platform Pack/Tiles/TileUpRight.png using Guid(1823a931f6945c54086916081c699694) Importer(815301076,1909f56bfc062723c751e8b465ee728b)  -> (artifact id: '79746d2192e3cf0531f34939a827f628') in 0.032453 seconds 
========================================================================
Received Import Request.
  Time since last request: 0.000036 seconds.
  path: Assets/Free Pixel Space Platform Pack/Tiles/TileForward.png
  artifactKey: Guid(046b0256d2fa2c64fb3a7689fffbaf3f) Importer(815301076,1909f56bfc062723c751e8b465ee728b)
Start importing Assets/Free Pixel Space Platform Pack/Tiles/TileForward.png using Guid(046b0256d2fa2c64fb3a7689fffbaf3f) Importer(815301076,1909f56bfc062723c751e8b465ee728b)  -> (artifact id: '545aca9708bfe373dbe800e7ac79a63d') in 0.031230 seconds 
Editor requested this worker to shutdown with reason: Scaling down because of idle timeout
AssetImportWorker is now disconnected from the server
Process exiting
Exiting without the bug reporter. Application will terminate with return code 0